<?xml version="1.0" encoding="UTF-8"?>
<!-- Generated by org.testng.reporters.JUnitReportReporter -->
<testsuite hostname="DESKTOP-6I0EBUP" failures="0" tests="2" name="part2.com.saucedemo.tests.Login.LoginTest" time="5.498" errors="0" timestamp="2025-04-24T19:50:16 MST" skipped="0">
  <testcase classname="part2.com.saucedemo.tests.Login.LoginTest" name="testLogin" time="3.493"/>
  <testcase classname="part2.com.saucedemo.tests.Login.LoginTest" name="testLoginErrorMessage" time="2.005"/>
</testsuite> <!-- part2.com.saucedemo.tests.Login.LoginTest -->
