<?xml version="1.0" encoding="UTF-8"?>
<!-- Generated by org.testng.reporters.JUnitReportReporter -->
<testsuite hostname="DESKTOP-6I0EBUP" failures="0" tests="3" name="tests.Products.ProductsTest" time="8.169" errors="0" timestamp="2025-04-24T19:50:16 MST" skipped="0">
  <testcase classname="tests.Products.ProductsTest" name="orderProductsByZtoA" time="2.711"/>
  <testcase classname="tests.Products.ProductsTest" name="getAndCompareCostOfRedTshirt" time="2.866"/>
  <testcase classname="tests.Products.ProductsTest" name="testClickAddToCartAndCheckIfRemoveButtonWasDisplayed" time="2.592"/>
</testsuite> <!-- tests.Products.ProductsTest -->
